<?xml version="1.0" encoding="UTF-8"?>
<!-- Generated by org.testng.reporters.JUnitReportReporter -->
<testsuite hostname="Rayhan" failures="0" tests="1" name="search.SearchTest" time="44.395" errors="0" timestamp="2022-08-01T20:43:26 EDT" skipped="0">
  <testcase classname="search.SearchTest" name="searchField" time="44.395"/>
  <system-out>
[[ChromeDriver: chrome on WINDOWS (ef57707d5bba6653e2e70983ca7bfd8e)] -> xpath: //a[@class='footer-search']] ---> This element has been clicked<br> account : This values has been passed into ---> [[ChromeDriver: chrome on WINDOWS (ef57707d5bba6653e2e70983ca7bfd8e)] -> xpath: //input[@class='search-results-input animateInput']]<br> [[ChromeDriver: chrome on WINDOWS (ef57707d5bba6653e2e70983ca7bfd8e)] -> class name: search-results-icon-magnifying-glass-image] ---> This element has been clicked<br> Proxy element for: DefaultElementLocator 'By.xpath: //a[@href='https://www3.mtb.com/personal/personal-banking/checking-accounts-mandt-bank/how-to-manage-your-checking-account']' ---> This element has been clicked<br> Proxy element for: DefaultElementLocator 'By.xpath: //a[@href='/personal/personal-banking/checking-accounts-mandt-bank/how-to-manage-your-checking-account/how-to-make-a-bank-account-deposit']' ---> This element has been clicked<br>  </system-out>
</testsuite> <!-- search.SearchTest -->
