<?xml version="1.0" encoding="UTF-8"?>
<!-- Generated by org.testng.reporters.JUnitReportReporter -->
<testsuite hostname="Rayhan" failures="0" tests="1" name="com.mtb.qa.test.AutoClass" time="53.400" errors="0" timestamp="2022-08-01T20:43:26 EDT" skipped="0">
  <testcase classname="com.mtb.qa.test.AutoClass" name="homepageSteps" time="53.400"/>
  <system-out>
Proxy element for: DefaultElementLocator 'By.xpath: //a[@class='header-link -login']' ---> This element has been clicked<br> Proxy element for: DefaultElementLocator 'By.xpath: //a[text()='Enroll in M&T Online Banking']' ---> This element has been clicked<br> Proxy element for: DefaultElementLocator 'By.xpath: (//span[@class='button m-icon m-icon-arrowright' and @aria-hidden='true']) [1]' ---> This element has been clicked<br> 123 : This values has been passed into ---> [[ChromeDriver: chrome on WINDOWS (625b81535877cdefa6e45bb43158baf2)] -> xpath: //input[@class='input-group-field js-canShowHide js-formnputItem input-group__hide-button-on-focus js-keeponclear']]<br> 123456 : This values has been passed into ---> [[ChromeDriver: chrome on WINDOWS (625b81535877cdefa6e45bb43158baf2)] -> xpath: //input[@placeholder='000-00-0000']]<br> 09/01/99 : This values has been passed into ---> [[ChromeDriver: chrome on WINDOWS (625b81535877cdefa6e45bb43158baf2)] -> xpath: //input[@placeholder='MM/DD/YYYY']]<br> [[ChromeDriver: chrome on WINDOWS (625b81535877cdefa6e45bb43158baf2)] -> xpath: //button[@class='button button__form js-submit']] ---> This element has been clicked<br>  </system-out>
</testsuite> <!-- com.mtb.qa.test.AutoClass -->
